2021-06-17 10:17:16 | [INFO]    | Discordia 2.9.1
2021-06-17 10:17:16 | [INFO]    | Connecting to Discord...
2021-06-17 10:17:16 | [ERROR]   | 401 - Unauthorized : GET https://discord.com/api/v7/users/@me
2021-06-17 10:17:16 | [ERROR]   | Could not authenticate, check token: HTTP Error 0 : 401: Unauthorized
2021-06-17 10:17:42 | [INFO]    | Discordia 2.9.1
2021-06-17 10:17:42 | [INFO]    | Connecting to Discord...
2021-06-17 10:17:43 | [ERROR]   | 401 - Unauthorized : GET https://discord.com/api/v7/users/@me
2021-06-17 10:17:43 | [ERROR]   | Could not authenticate, check token: HTTP Error 0 : 401: Unauthorized
2021-06-17 10:18:02 | [INFO]    | Discordia 2.9.1
2021-06-17 10:18:02 | [INFO]    | Connecting to Discord...
2021-06-17 10:18:02 | [INFO]    | Authenticated as Ban Appelas#6522
2021-06-17 10:18:02 | [INFO]    | Launching shard 0 (1 out of 1)...
2021-06-17 10:18:02 | [INFO]    | Shard 0 : Connected to wss://gateway.discord.gg
2021-06-17 10:18:02 | [INFO]    | Shard 0 : Received HELLO
2021-06-17 10:18:02 | [INFO]    | Shard 0 : Received READY
2021-06-17 10:19:11 | [INFO]    | Discordia 2.9.1
2021-06-17 10:19:11 | [INFO]    | Connecting to Discord...
2021-06-17 10:19:11 | [INFO]    | Authenticated as Ban Appelas#6522
2021-06-17 10:19:11 | [INFO]    | Launching shard 0 (1 out of 1)...
2021-06-17 10:19:11 | [INFO]    | Shard 0 : Connected to wss://gateway.discord.gg
2021-06-17 10:19:11 | [INFO]    | Shard 0 : Received HELLO
2021-06-17 10:19:11 | [INFO]    | Shard 0 : Received READY
2021-06-17 10:20:07 | [INFO]    | Discordia 2.9.1
2021-06-17 10:20:07 | [INFO]    | Connecting to Discord...
2021-06-17 10:20:08 | [INFO]    | Authenticated as Ban Appelas#6522
2021-06-17 10:20:08 | [INFO]    | Launching shard 0 (1 out of 1)...
2021-06-17 10:20:08 | [INFO]    | Shard 0 : Connected to wss://gateway.discord.gg
2021-06-17 10:20:08 | [INFO]    | Shard 0 : Received HELLO
2021-06-17 10:20:08 | [INFO]    | Shard 0 : Received READY
2021-06-17 10:30:05 | [INFO]    | Discordia 2.9.1
2021-06-17 10:30:05 | [INFO]    | Connecting to Discord...
2021-06-17 10:30:05 | [INFO]    | Authenticated as Ban Appelas#6522
2021-06-17 10:30:05 | [INFO]    | Launching shard 0 (1 out of 1)...
2021-06-17 10:30:05 | [INFO]    | Shard 0 : Connected to wss://gateway.discord.gg
2021-06-17 10:30:05 | [INFO]    | Shard 0 : Received HELLO
2021-06-17 10:30:05 | [INFO]    | Shard 0 : Received READY
2021-06-17 10:31:54 | [INFO]    | Discordia 2.9.1
2021-06-17 10:31:54 | [INFO]    | Connecting to Discord...
2021-06-17 10:31:54 | [INFO]    | Authenticated as Ban Appelas#6522
2021-06-17 10:31:54 | [INFO]    | Launching shard 0 (1 out of 1)...
2021-06-17 10:31:54 | [INFO]    | Shard 0 : Connected to wss://gateway.discord.gg
2021-06-17 10:31:54 | [INFO]    | Shard 0 : Received HELLO
2021-06-17 10:31:54 | [INFO]    | Shard 0 : Received READY
2021-06-17 11:13:21 | [INFO]    | Discordia 2.9.1
2021-06-17 11:13:21 | [INFO]    | Connecting to Discord...
2021-06-17 11:13:21 | [INFO]    | Authenticated as Ban Appelas#6522
2021-06-17 11:13:21 | [INFO]    | Launching shard 0 (1 out of 1)...
2021-06-17 11:13:21 | [INFO]    | Shard 0 : Connected to wss://gateway.discord.gg
2021-06-17 11:13:21 | [INFO]    | Shard 0 : Received HELLO
2021-06-17 11:13:21 | [INFO]    | Shard 0 : Received READY
2021-06-17 11:19:31 | [INFO]    | Discordia 2.9.1
2021-06-17 11:19:31 | [INFO]    | Connecting to Discord...
2021-06-17 11:19:31 | [INFO]    | Authenticated as Ban Appelas#6522
2021-06-17 11:19:31 | [INFO]    | Launching shard 0 (1 out of 1)...
2021-06-17 11:19:31 | [INFO]    | Shard 0 : Connected to wss://gateway.discord.gg
2021-06-17 11:19:31 | [INFO]    | Shard 0 : Received HELLO
2021-06-17 11:19:31 | [INFO]    | Shard 0 : Received READY
2021-06-17 11:20:48 | [INFO]    | Discordia 2.9.1
2021-06-17 11:20:48 | [INFO]    | Connecting to Discord...
2021-06-17 11:20:48 | [INFO]    | Authenticated as Ban Appelas#6522
2021-06-17 11:20:48 | [INFO]    | Launching shard 0 (1 out of 1)...
2021-06-17 11:20:48 | [INFO]    | Shard 0 : Connected to wss://gateway.discord.gg
2021-06-17 11:20:48 | [INFO]    | Shard 0 : Received HELLO
2021-06-17 11:20:48 | [INFO]    | Shard 0 : Received READY
2021-06-17 11:34:45 | [INFO]    | Discordia 2.9.1
2021-06-17 11:34:45 | [INFO]    | Connecting to Discord...
2021-06-17 11:34:45 | [INFO]    | Authenticated as Ban Appelas#6522
2021-06-17 11:34:45 | [INFO]    | Launching shard 0 (1 out of 1)...
2021-06-17 11:34:45 | [INFO]    | Shard 0 : Connected to wss://gateway.discord.gg
2021-06-17 11:34:45 | [INFO]    | Shard 0 : Received HELLO
2021-06-17 11:34:45 | [INFO]    | Shard 0 : Received READY
2021-06-17 11:35:47 | [INFO]    | Discordia 2.9.1
2021-06-17 11:35:47 | [INFO]    | Connecting to Discord...
2021-06-17 11:35:47 | [INFO]    | Authenticated as Ban Appelas#6522
2021-06-17 11:35:47 | [INFO]    | Launching shard 0 (1 out of 1)...
2021-06-17 11:35:47 | [INFO]    | Shard 0 : Connected to wss://gateway.discord.gg
2021-06-17 11:35:47 | [INFO]    | Shard 0 : Received HELLO
2021-06-17 11:35:47 | [INFO]    | Shard 0 : Received READY
2021-06-17 11:49:12 | [INFO]    | Discordia 2.9.1
2021-06-17 11:49:12 | [INFO]    | Connecting to Discord...
2021-06-17 11:49:12 | [INFO]    | Authenticated as Ban Appelas#6522
2021-06-17 11:49:12 | [INFO]    | Launching shard 0 (1 out of 1)...
2021-06-17 11:49:12 | [INFO]    | Shard 0 : Connected to wss://gateway.discord.gg
2021-06-17 11:49:12 | [INFO]    | Shard 0 : Received HELLO
2021-06-17 11:49:12 | [INFO]    | Shard 0 : Received READY
2021-06-17 11:50:34 | [INFO]    | Discordia 2.9.1
2021-06-17 11:50:34 | [INFO]    | Connecting to Discord...
2021-06-17 11:50:34 | [INFO]    | Authenticated as Ban Appelas#6522
2021-06-17 11:50:34 | [INFO]    | Launching shard 0 (1 out of 1)...
2021-06-17 11:50:34 | [INFO]    | Shard 0 : Connected to wss://gateway.discord.gg
2021-06-17 11:50:34 | [INFO]    | Shard 0 : Received HELLO
2021-06-17 11:50:34 | [INFO]    | Shard 0 : Received READY
2021-06-17 11:54:49 | [INFO]    | Discordia 2.9.1
2021-06-17 11:54:49 | [INFO]    | Connecting to Discord...
2021-06-17 11:54:50 | [INFO]    | Authenticated as Ban Appelas#6522
2021-06-17 11:54:50 | [INFO]    | Launching shard 0 (1 out of 1)...
2021-06-17 11:54:50 | [INFO]    | Shard 0 : Connected to wss://gateway.discord.gg
2021-06-17 11:54:50 | [INFO]    | Shard 0 : Received HELLO
2021-06-17 11:54:50 | [INFO]    | Shard 0 : Received READY
2021-06-17 11:57:13 | [INFO]    | Discordia 2.9.1
2021-06-17 11:57:13 | [INFO]    | Connecting to Discord...
2021-06-17 11:57:14 | [INFO]    | Authenticated as Ban Appelas#6522
2021-06-17 11:57:14 | [INFO]    | Launching shard 0 (1 out of 1)...
2021-06-17 11:57:14 | [INFO]    | Shard 0 : Connected to wss://gateway.discord.gg
2021-06-17 11:57:14 | [INFO]    | Shard 0 : Received HELLO
2021-06-17 11:57:14 | [INFO]    | Shard 0 : Received READY
2021-06-17 11:57:59 | [INFO]    | Discordia 2.9.1
2021-06-17 11:57:59 | [INFO]    | Connecting to Discord...
2021-06-17 11:57:59 | [INFO]    | Authenticated as Ban Appelas#6522
2021-06-17 11:57:59 | [INFO]    | Launching shard 0 (1 out of 1)...
2021-06-17 11:57:59 | [INFO]    | Shard 0 : Connected to wss://gateway.discord.gg
2021-06-17 11:57:59 | [INFO]    | Shard 0 : Received HELLO
2021-06-17 11:57:59 | [INFO]    | Shard 0 : Received READY
2021-06-17 11:58:51 | [INFO]    | Discordia 2.9.1
2021-06-17 11:58:51 | [INFO]    | Connecting to Discord...
2021-06-17 11:58:51 | [INFO]    | Authenticated as Ban Appelas#6522
2021-06-17 11:58:51 | [INFO]    | Launching shard 0 (1 out of 1)...
2021-06-17 11:58:51 | [INFO]    | Shard 0 : Connected to wss://gateway.discord.gg
2021-06-17 11:58:51 | [INFO]    | Shard 0 : Received HELLO
2021-06-17 11:58:51 | [INFO]    | Shard 0 : Received READY
2021-06-17 11:59:50 | [INFO]    | Discordia 2.9.1
2021-06-17 11:59:50 | [INFO]    | Connecting to Discord...
2021-06-17 11:59:50 | [INFO]    | Authenticated as Ban Appelas#6522
2021-06-17 11:59:50 | [INFO]    | Launching shard 0 (1 out of 1)...
2021-06-17 11:59:50 | [INFO]    | Shard 0 : Connected to wss://gateway.discord.gg
2021-06-17 11:59:50 | [INFO]    | Shard 0 : Received HELLO
2021-06-17 11:59:50 | [INFO]    | Shard 0 : Received READY
2021-06-17 12:00:14 | [INFO]    | Discordia 2.9.1
2021-06-17 12:00:14 | [INFO]    | Connecting to Discord...
2021-06-17 12:00:14 | [INFO]    | Authenticated as Ban Appelas#6522
2021-06-17 12:00:14 | [INFO]    | Launching shard 0 (1 out of 1)...
2021-06-17 12:00:15 | [INFO]    | Shard 0 : Connected to wss://gateway.discord.gg
2021-06-17 12:00:15 | [INFO]    | Shard 0 : Received HELLO
2021-06-17 12:00:15 | [INFO]    | Shard 0 : Received READY
2021-06-17 12:04:26 | [INFO]    | Discordia 2.9.1
2021-06-17 12:04:26 | [INFO]    | Connecting to Discord...
2021-06-17 12:04:27 | [INFO]    | Authenticated as Ban Appelas#6522
2021-06-17 12:04:27 | [INFO]    | Launching shard 0 (1 out of 1)...
2021-06-17 12:04:27 | [INFO]    | Shard 0 : Connected to wss://gateway.discord.gg
2021-06-17 12:04:27 | [INFO]    | Shard 0 : Received HELLO
2021-06-17 12:04:27 | [INFO]    | Shard 0 : Received READY
2021-06-17 12:16:07 | [INFO]    | Discordia 2.9.1
2021-06-17 12:16:07 | [INFO]    | Connecting to Discord...
2021-06-17 12:16:08 | [INFO]    | Authenticated as Ban Appelas#6522
2021-06-17 12:16:08 | [INFO]    | Launching shard 0 (1 out of 1)...
2021-06-17 12:16:08 | [INFO]    | Shard 0 : Connected to wss://gateway.discord.gg
2021-06-17 12:16:08 | [INFO]    | Shard 0 : Received HELLO
2021-06-17 12:16:08 | [INFO]    | Shard 0 : Received READY
2021-06-17 12:16:28 | [INFO]    | Discordia 2.9.1
2021-06-17 12:16:28 | [INFO]    | Connecting to Discord...
2021-06-17 12:16:28 | [INFO]    | Authenticated as Ban Appelas#6522
2021-06-17 12:16:28 | [INFO]    | Launching shard 0 (1 out of 1)...
2021-06-17 12:16:28 | [INFO]    | Shard 0 : Connected to wss://gateway.discord.gg
2021-06-17 12:16:28 | [INFO]    | Shard 0 : Received HELLO
2021-06-17 12:16:28 | [INFO]    | Shard 0 : Received READY
2021-06-17 12:17:20 | [INFO]    | Discordia 2.9.1
2021-06-17 12:17:20 | [INFO]    | Connecting to Discord...
2021-06-17 12:17:25 | [INFO]    | Authenticated as Ban Appelas#6522
2021-06-17 12:17:25 | [INFO]    | Launching shard 0 (1 out of 1)...
2021-06-17 12:17:25 | [INFO]    | Shard 0 : Connected to wss://gateway.discord.gg
2021-06-17 12:17:25 | [INFO]    | Shard 0 : Received HELLO
2021-06-17 12:17:25 | [INFO]    | Shard 0 : Received READY
2021-06-17 12:18:44 | [INFO]    | Discordia 2.9.1
2021-06-17 12:18:44 | [INFO]    | Connecting to Discord...
2021-06-17 12:18:44 | [INFO]    | Authenticated as Ban Appelas#6522
2021-06-17 12:18:44 | [INFO]    | Launching shard 0 (1 out of 1)...
2021-06-17 12:18:44 | [INFO]    | Shard 0 : Connected to wss://gateway.discord.gg
2021-06-17 12:18:44 | [INFO]    | Shard 0 : Received HELLO
2021-06-17 12:18:44 | [INFO]    | Shard 0 : Received READY
2021-06-17 12:21:08 | [INFO]    | Discordia 2.9.1
2021-06-17 12:21:08 | [INFO]    | Connecting to Discord...
2021-06-17 12:21:08 | [INFO]    | Authenticated as Ban Appelas#6522
2021-06-17 12:21:08 | [INFO]    | Launching shard 0 (1 out of 1)...
2021-06-17 12:21:08 | [INFO]    | Shard 0 : Connected to wss://gateway.discord.gg
2021-06-17 12:21:08 | [INFO]    | Shard 0 : Received HELLO
2021-06-17 12:21:08 | [INFO]    | Shard 0 : Received READY
2021-06-17 12:28:32 | [INFO]    | Discordia 2.9.1
2021-06-17 12:28:32 | [INFO]    | Connecting to Discord...
2021-06-17 12:28:32 | [INFO]    | Authenticated as Ban Appelas#6522
2021-06-17 12:28:32 | [INFO]    | Launching shard 0 (1 out of 1)...
2021-06-17 12:28:33 | [INFO]    | Shard 0 : Connected to wss://gateway.discord.gg
2021-06-17 12:28:33 | [INFO]    | Shard 0 : Received HELLO
2021-06-17 12:28:33 | [INFO]    | Shard 0 : Received READY
2021-06-17 12:29:24 | [INFO]    | Discordia 2.9.1
2021-06-17 12:29:24 | [INFO]    | Connecting to Discord...
2021-06-17 12:29:25 | [INFO]    | Authenticated as Ban Appelas#6522
2021-06-17 12:29:25 | [INFO]    | Launching shard 0 (1 out of 1)...
2021-06-17 12:29:25 | [INFO]    | Shard 0 : Connected to wss://gateway.discord.gg
2021-06-17 12:29:25 | [INFO]    | Shard 0 : Received HELLO
2021-06-17 12:29:25 | [INFO]    | Shard 0 : Received READY
2021-06-17 12:29:55 | [INFO]    | Discordia 2.9.1
2021-06-17 12:29:55 | [INFO]    | Connecting to Discord...
2021-06-17 12:29:55 | [INFO]    | Authenticated as Ban Appelas#6522
2021-06-17 12:29:55 | [INFO]    | Launching shard 0 (1 out of 1)...
2021-06-17 12:29:55 | [INFO]    | Shard 0 : Connected to wss://gateway.discord.gg
2021-06-17 12:29:55 | [INFO]    | Shard 0 : Received HELLO
2021-06-17 12:29:55 | [INFO]    | Shard 0 : Received READY
2021-06-17 12:36:25 | [INFO]    | Discordia 2.9.1
2021-06-17 12:36:25 | [INFO]    | Connecting to Discord...
2021-06-17 12:36:25 | [INFO]    | Authenticated as Ban Appelas#6522
2021-06-17 12:36:25 | [INFO]    | Launching shard 0 (1 out of 1)...
2021-06-17 12:36:25 | [INFO]    | Shard 0 : Connected to wss://gateway.discord.gg
2021-06-17 12:36:25 | [INFO]    | Shard 0 : Received HELLO
2021-06-17 12:36:25 | [INFO]    | Shard 0 : Received READY
2021-06-17 12:36:50 | [INFO]    | Discordia 2.9.1
2021-06-17 12:36:50 | [INFO]    | Connecting to Discord...
2021-06-17 12:36:50 | [INFO]    | Authenticated as Ban Appelas#6522
2021-06-17 12:36:50 | [INFO]    | Launching shard 0 (1 out of 1)...
2021-06-17 12:36:50 | [INFO]    | Shard 0 : Connected to wss://gateway.discord.gg
2021-06-17 12:36:50 | [INFO]    | Shard 0 : Received HELLO
2021-06-17 12:36:50 | [INFO]    | Shard 0 : Received READY
2021-06-17 12:37:51 | [INFO]    | Discordia 2.9.1
2021-06-17 12:37:51 | [INFO]    | Connecting to Discord...
2021-06-17 12:37:51 | [INFO]    | Authenticated as Ban Appelas#6522
2021-06-17 12:37:51 | [INFO]    | Launching shard 0 (1 out of 1)...
2021-06-17 12:37:51 | [INFO]    | Shard 0 : Connected to wss://gateway.discord.gg
2021-06-17 12:37:51 | [INFO]    | Shard 0 : Received HELLO
2021-06-17 12:37:51 | [INFO]    | Shard 0 : Received READY
2021-06-17 12:38:15 | [INFO]    | Discordia 2.9.1
2021-06-17 12:38:15 | [INFO]    | Connecting to Discord...
2021-06-17 12:38:15 | [INFO]    | Authenticated as Ban Appelas#6522
2021-06-17 12:38:15 | [INFO]    | Launching shard 0 (1 out of 1)...
2021-06-17 12:38:15 | [INFO]    | Shard 0 : Connected to wss://gateway.discord.gg
2021-06-17 12:38:15 | [INFO]    | Shard 0 : Received HELLO
2021-06-17 12:38:15 | [INFO]    | Shard 0 : Received READY
2021-06-17 12:42:11 | [INFO]    | Discordia 2.9.1
2021-06-17 12:42:11 | [INFO]    | Connecting to Discord...
2021-06-17 12:42:11 | [INFO]    | Authenticated as Ban Appelas#6522
2021-06-17 12:42:11 | [INFO]    | Launching shard 0 (1 out of 1)...
2021-06-17 12:42:11 | [INFO]    | Shard 0 : Connected to wss://gateway.discord.gg
2021-06-17 12:42:11 | [INFO]    | Shard 0 : Received HELLO
2021-06-17 12:42:11 | [INFO]    | Shard 0 : Received READY
2021-06-17 12:43:43 | [INFO]    | Discordia 2.9.1
2021-06-17 12:43:43 | [INFO]    | Connecting to Discord...
2021-06-17 12:43:44 | [INFO]    | Authenticated as Ban Appelas#6522
2021-06-17 12:43:44 | [INFO]    | Launching shard 0 (1 out of 1)...
2021-06-17 12:43:44 | [INFO]    | Shard 0 : Connected to wss://gateway.discord.gg
2021-06-17 12:43:44 | [INFO]    | Shard 0 : Received HELLO
2021-06-17 12:43:44 | [INFO]    | Shard 0 : Received READY
2021-06-17 13:07:28 | [INFO]    | Discordia 2.9.1
2021-06-17 13:07:28 | [INFO]    | Connecting to Discord...
2021-06-17 13:15:47 | [INFO]    | Discordia 2.9.1
2021-06-17 13:15:47 | [INFO]    | Connecting to Discord...
2021-06-17 13:15:48 | [ERROR]   | 401 - Unauthorized : GET https://discord.com/api/v7/users/@me
2021-06-17 13:15:48 | [ERROR]   | Could not authenticate, check token: HTTP Error 0 : 401: Unauthorized
2021-06-17 13:15:57 | [INFO]    | Discordia 2.9.1
2021-06-17 13:15:57 | [INFO]    | Connecting to Discord...
2021-06-17 13:15:57 | [ERROR]   | 401 - Unauthorized : GET https://discord.com/api/v7/users/@me
2021-06-17 13:15:57 | [ERROR]   | Could not authenticate, check token: HTTP Error 0 : 401: Unauthorized
2021-06-17 13:20:48 | [INFO]    | Discordia 2.9.1
2021-06-17 13:20:48 | [INFO]    | Connecting to Discord...
2021-06-17 13:20:48 | [INFO]    | Authenticated as Ban Appelas#6522
2021-06-17 13:20:48 | [INFO]    | Launching shard 0 (1 out of 1)...
2021-06-17 13:20:48 | [INFO]    | Shard 0 : Connected to wss://gateway.discord.gg
2021-06-17 13:20:48 | [INFO]    | Shard 0 : Received HELLO
2021-06-17 13:20:49 | [INFO]    | Shard 0 : Received READY
2021-06-17 14:27:52 | [INFO]    | Discordia 2.9.1
2021-06-17 14:27:52 | [INFO]    | Connecting to Discord...
2021-06-17 14:27:52 | [INFO]    | Authenticated as Ban Appelas#6522
2021-06-17 14:27:53 | [INFO]    | Launching shard 0 (1 out of 1)...
2021-06-17 14:27:53 | [INFO]    | Shard 0 : Connected to wss://gateway.discord.gg
2021-06-17 14:27:53 | [INFO]    | Shard 0 : Received HELLO
2021-06-17 14:27:53 | [INFO]    | Shard 0 : Received READY
2021-06-17 14:53:04 | [INFO]    | Discordia 2.9.1
2021-06-17 14:53:04 | [INFO]    | Connecting to Discord...
2021-06-17 14:53:04 | [INFO]    | Authenticated as Ban Appelas#6522
2021-06-17 14:53:04 | [INFO]    | Launching shard 0 (1 out of 1)...
2021-06-17 14:53:05 | [INFO]    | Shard 0 : Connected to wss://gateway.discord.gg
2021-06-17 14:53:05 | [INFO]    | Shard 0 : Received HELLO
2021-06-17 14:53:05 | [INFO]    | Shard 0 : Received READY
2021-06-17 14:55:32 | [INFO]    | Discordia 2.9.1
2021-06-17 14:55:32 | [INFO]    | Connecting to Discord...
2021-06-17 14:55:33 | [INFO]    | Authenticated as Ban Appelas#6522
2021-06-17 14:55:33 | [INFO]    | Launching shard 0 (1 out of 1)...
2021-06-17 14:55:33 | [INFO]    | Shard 0 : Connected to wss://gateway.discord.gg
2021-06-17 14:55:33 | [INFO]    | Shard 0 : Received HELLO
2021-06-17 14:55:33 | [INFO]    | Shard 0 : Received READY
2021-06-17 14:56:03 | [INFO]    | Discordia 2.9.1
2021-06-17 14:56:03 | [INFO]    | Connecting to Discord...
2021-06-17 14:56:03 | [INFO]    | Authenticated as Ban Appelas#6522
2021-06-17 14:56:03 | [INFO]    | Launching shard 0 (1 out of 1)...
2021-06-17 14:56:04 | [INFO]    | Shard 0 : Connected to wss://gateway.discord.gg
2021-06-17 14:56:04 | [INFO]    | Shard 0 : Received HELLO
2021-06-17 14:56:14 | [WARNING] | Shard 0 : 4000 - Unknown error.
2021-06-17 14:56:14 | [INFO]    | Shard 0 : Disconnected
2021-06-17 14:56:14 | [INFO]    | Shard 0 : Reconnecting after 936 ms...
2021-06-17 14:56:15 | [INFO]    | Shard 0 : Connected to wss://gateway.discord.gg
2021-06-17 14:56:15 | [INFO]    | Shard 0 : Received HELLO
2021-06-17 14:56:15 | [INFO]    | Shard 0 : Received READY
2021-06-17 15:01:31 | [INFO]    | Discordia 2.9.1
2021-06-17 15:01:31 | [INFO]    | Connecting to Discord...
2021-06-17 15:01:31 | [INFO]    | Authenticated as Ban Appelas#6522
2021-06-17 15:01:31 | [INFO]    | Launching shard 0 (1 out of 1)...
2021-06-17 15:01:31 | [INFO]    | Shard 0 : Connected to wss://gateway.discord.gg
2021-06-17 15:01:31 | [INFO]    | Shard 0 : Received HELLO
2021-06-17 15:01:31 | [INFO]    | Shard 0 : Received READY
2021-06-17 15:02:25 | [INFO]    | Discordia 2.9.1
2021-06-17 15:02:25 | [INFO]    | Connecting to Discord...
2021-06-17 15:02:25 | [INFO]    | Authenticated as Ban Appelas#6522
2021-06-17 15:02:25 | [INFO]    | Launching shard 0 (1 out of 1)...
2021-06-17 15:02:25 | [INFO]    | Shard 0 : Connected to wss://gateway.discord.gg
2021-06-17 15:02:25 | [INFO]    | Shard 0 : Received HELLO
2021-06-17 15:02:25 | [INFO]    | Shard 0 : Received READY
2021-06-17 15:08:21 | [INFO]    | Discordia 2.9.1
2021-06-17 15:08:21 | [INFO]    | Connecting to Discord...
2021-06-17 15:08:21 | [INFO]    | Authenticated as Ban Appelas#6522
2021-06-17 15:08:21 | [INFO]    | Launching shard 0 (1 out of 1)...
2021-06-17 15:08:21 | [INFO]    | Shard 0 : Connected to wss://gateway.discord.gg
2021-06-17 15:08:21 | [INFO]    | Shard 0 : Received HELLO
2021-06-17 15:08:21 | [INFO]    | Shard 0 : Received READY
2021-06-17 15:09:31 | [INFO]    | Discordia 2.9.1
2021-06-17 15:09:31 | [INFO]    | Connecting to Discord...
2021-06-17 15:09:32 | [INFO]    | Authenticated as Ban Appelas#6522
2021-06-17 15:09:32 | [INFO]    | Launching shard 0 (1 out of 1)...
2021-06-17 15:09:32 | [INFO]    | Shard 0 : Connected to wss://gateway.discord.gg
2021-06-17 15:09:32 | [INFO]    | Shard 0 : Received HELLO
2021-06-17 15:09:32 | [INFO]    | Shard 0 : Received READY
2021-06-17 15:10:36 | [INFO]    | Discordia 2.9.1
2021-06-17 15:10:36 | [INFO]    | Connecting to Discord...
2021-06-17 15:10:36 | [INFO]    | Authenticated as Ban Appelas#6522
2021-06-17 15:10:36 | [INFO]    | Launching shard 0 (1 out of 1)...
2021-06-17 15:10:36 | [INFO]    | Shard 0 : Connected to wss://gateway.discord.gg
2021-06-17 15:10:36 | [INFO]    | Shard 0 : Received HELLO
2021-06-17 15:10:37 | [INFO]    | Shard 0 : Received READY
2021-06-17 15:11:59 | [INFO]    | Discordia 2.9.1
2021-06-17 15:11:59 | [INFO]    | Connecting to Discord...
2021-06-17 15:11:59 | [ERROR]   | 400 - Bad Request : GET https://discord.com/api/v7/users/@me
2021-06-17 15:11:59 | [ERROR]   | Could not authenticate, check token: <html><title>Error 400 (Bad Request)!!1</title></html>
2021-06-17 15:12:09 | [INFO]    | Discordia 2.9.1
2021-06-17 15:12:09 | [INFO]    | Connecting to Discord...
2021-06-17 15:12:09 | [INFO]    | Authenticated as Ban Appelas#6522
2021-06-17 15:12:09 | [INFO]    | Launching shard 0 (1 out of 1)...
2021-06-17 15:12:09 | [INFO]    | Shard 0 : Connected to wss://gateway.discord.gg
2021-06-17 15:12:09 | [INFO]    | Shard 0 : Received HELLO
2021-06-17 15:12:09 | [INFO]    | Shard 0 : Received READY
2021-06-17 15:12:43 | [INFO]    | Discordia 2.9.1
2021-06-17 15:12:43 | [INFO]    | Connecting to Discord...
2021-06-17 15:12:43 | [INFO]    | Authenticated as Ban Appelas#6522
2021-06-17 15:12:43 | [INFO]    | Launching shard 0 (1 out of 1)...
2021-06-17 15:12:44 | [INFO]    | Shard 0 : Connected to wss://gateway.discord.gg
2021-06-17 15:12:44 | [INFO]    | Shard 0 : Received HELLO
2021-06-17 15:12:44 | [INFO]    | Shard 0 : Received READY
2021-06-17 15:16:40 | [INFO]    | Discordia 2.9.1
2021-06-17 15:16:40 | [INFO]    | Connecting to Discord...
2021-06-17 15:16:40 | [INFO]    | Authenticated as Ban Appelas#6522
2021-06-17 15:16:40 | [INFO]    | Launching shard 0 (1 out of 1)...
2021-06-17 15:16:40 | [INFO]    | Shard 0 : Connected to wss://gateway.discord.gg
2021-06-17 15:16:40 | [INFO]    | Shard 0 : Received HELLO
2021-06-17 15:16:40 | [INFO]    | Shard 0 : Received READY
2021-06-17 15:17:51 | [INFO]    | Discordia 2.9.1
2021-06-17 15:17:51 | [INFO]    | Connecting to Discord...
2021-06-17 15:17:51 | [ERROR]   | 401 - Unauthorized : GET https://discord.com/api/v7/users/@me
2021-06-17 15:17:51 | [ERROR]   | Could not authenticate, check token: HTTP Error 0 : 401: Unauthorized
2021-06-17 15:17:54 | [INFO]    | Discordia 2.9.1
2021-06-17 15:17:54 | [INFO]    | Connecting to Discord...
2021-06-17 15:17:54 | [INFO]    | Authenticated as Ban Appelas#6522
2021-06-17 15:17:54 | [INFO]    | Launching shard 0 (1 out of 1)...
2021-06-17 15:17:54 | [INFO]    | Shard 0 : Connected to wss://gateway.discord.gg
2021-06-17 15:17:54 | [INFO]    | Shard 0 : Received HELLO
2021-06-17 15:17:54 | [INFO]    | Shard 0 : Received READY
2021-06-17 15:21:57 | [INFO]    | Discordia 2.9.1
2021-06-17 15:21:57 | [INFO]    | Connecting to Discord...
2021-06-17 15:21:57 | [INFO]    | Authenticated as Ban Appelas#6522
2021-06-17 15:21:57 | [INFO]    | Launching shard 0 (1 out of 1)...
2021-06-17 15:21:58 | [INFO]    | Shard 0 : Connected to wss://gateway.discord.gg
2021-06-17 15:21:58 | [INFO]    | Shard 0 : Received HELLO
2021-06-17 15:21:58 | [INFO]    | Shard 0 : Received READY
2021-06-17 15:23:56 | [INFO]    | Discordia 2.9.1
2021-06-17 15:23:56 | [INFO]    | Connecting to Discord...
2021-06-17 15:23:56 | [INFO]    | Authenticated as Ban Appelas#6522
2021-06-17 15:23:56 | [INFO]    | Launching shard 0 (1 out of 1)...
2021-06-17 15:23:57 | [INFO]    | Shard 0 : Connected to wss://gateway.discord.gg
2021-06-17 15:23:57 | [INFO]    | Shard 0 : Received HELLO
2021-06-17 15:23:57 | [INFO]    | Shard 0 : Received READY
2021-06-17 15:30:36 | [INFO]    | Discordia 2.9.1
2021-06-17 15:30:36 | [INFO]    | Connecting to Discord...
2021-06-17 15:30:36 | [INFO]    | Authenticated as Ban Appelas#6522
2021-06-17 15:30:36 | [INFO]    | Launching shard 0 (1 out of 1)...
2021-06-17 15:30:37 | [INFO]    | Shard 0 : Connected to wss://gateway.discord.gg
2021-06-17 15:30:37 | [INFO]    | Shard 0 : Received HELLO
2021-06-17 15:30:37 | [INFO]    | Shard 0 : Received READY
2021-06-17 15:31:27 | [INFO]    | Discordia 2.9.1
2021-06-17 15:31:27 | [INFO]    | Connecting to Discord...
2021-06-17 15:31:27 | [INFO]    | Authenticated as Ban Appelas#6522
2021-06-17 15:31:27 | [INFO]    | Launching shard 0 (1 out of 1)...
2021-06-17 15:31:27 | [INFO]    | Shard 0 : Connected to wss://gateway.discord.gg
2021-06-17 15:31:27 | [INFO]    | Shard 0 : Received HELLO
2021-06-17 15:31:27 | [INFO]    | Shard 0 : Received READY
2021-06-17 15:35:52 | [INFO]    | Discordia 2.9.1
2021-06-17 15:35:52 | [INFO]    | Connecting to Discord...
2021-06-17 15:35:52 | [INFO]    | Authenticated as Ban Appelas#6522
2021-06-17 15:35:52 | [INFO]    | Launching shard 0 (1 out of 1)...
2021-06-17 15:35:52 | [INFO]    | Shard 0 : Connected to wss://gateway.discord.gg
2021-06-17 15:35:52 | [INFO]    | Shard 0 : Received HELLO
2021-06-17 15:35:52 | [INFO]    | Shard 0 : Received READY
2021-06-17 15:37:16 | [INFO]    | Discordia 2.9.1
2021-06-17 15:37:16 | [INFO]    | Connecting to Discord...
2021-06-17 15:37:16 | [INFO]    | Authenticated as Ban Appelas#6522
2021-06-17 15:37:16 | [INFO]    | Launching shard 0 (1 out of 1)...
2021-06-17 15:37:16 | [INFO]    | Shard 0 : Connected to wss://gateway.discord.gg
2021-06-17 15:37:16 | [INFO]    | Shard 0 : Received HELLO
2021-06-17 15:37:16 | [INFO]    | Shard 0 : Received READY
2021-06-17 15:39:03 | [INFO]    | Discordia 2.9.1
2021-06-17 15:39:03 | [INFO]    | Connecting to Discord...
2021-06-17 15:39:03 | [INFO]    | Authenticated as Ban Appelas#6522
2021-06-17 15:39:03 | [INFO]    | Launching shard 0 (1 out of 1)...
2021-06-17 15:39:03 | [INFO]    | Shard 0 : Connected to wss://gateway.discord.gg
2021-06-17 15:39:03 | [INFO]    | Shard 0 : Received HELLO
2021-06-17 15:39:03 | [INFO]    | Shard 0 : Received READY
2021-06-17 15:40:03 | [INFO]    | Discordia 2.9.1
2021-06-17 15:40:03 | [INFO]    | Connecting to Discord...
2021-06-17 15:40:03 | [INFO]    | Authenticated as Ban Appelas#6522
2021-06-17 15:40:03 | [INFO]    | Launching shard 0 (1 out of 1)...
2021-06-17 15:40:03 | [INFO]    | Shard 0 : Connected to wss://gateway.discord.gg
2021-06-17 15:40:03 | [INFO]    | Shard 0 : Received HELLO
2021-06-17 15:40:03 | [INFO]    | Shard 0 : Received READY
2021-06-17 15:40:25 | [INFO]    | Discordia 2.9.1
2021-06-17 15:40:25 | [INFO]    | Connecting to Discord...
2021-06-17 15:40:25 | [INFO]    | Authenticated as Ban Appelas#6522
2021-06-17 15:40:25 | [INFO]    | Launching shard 0 (1 out of 1)...
2021-06-17 15:40:25 | [INFO]    | Shard 0 : Connected to wss://gateway.discord.gg
2021-06-17 15:40:25 | [INFO]    | Shard 0 : Received HELLO
2021-06-17 15:40:25 | [INFO]    | Shard 0 : Received READY
2021-06-17 15:42:42 | [INFO]    | Discordia 2.9.1
2021-06-17 15:42:42 | [INFO]    | Connecting to Discord...
2021-06-17 15:42:42 | [INFO]    | Authenticated as Ban Appelas#6522
2021-06-17 15:42:42 | [INFO]    | Launching shard 0 (1 out of 1)...
2021-06-17 15:42:42 | [INFO]    | Shard 0 : Connected to wss://gateway.discord.gg
2021-06-17 15:42:42 | [INFO]    | Shard 0 : Received HELLO
2021-06-17 15:42:42 | [INFO]    | Shard 0 : Received READY
2021-06-17 15:44:53 | [INFO]    | Discordia 2.9.1
2021-06-17 15:44:53 | [INFO]    | Connecting to Discord...
2021-06-17 15:44:53 | [INFO]    | Authenticated as Ban Appelas#6522
2021-06-17 15:44:53 | [INFO]    | Launching shard 0 (1 out of 1)...
2021-06-17 15:44:53 | [INFO]    | Shard 0 : Connected to wss://gateway.discord.gg
2021-06-17 15:44:53 | [INFO]    | Shard 0 : Received HELLO
2021-06-17 15:44:53 | [INFO]    | Shard 0 : Received READY
2021-06-17 15:45:52 | [INFO]    | Discordia 2.9.1
2021-06-17 15:45:52 | [INFO]    | Connecting to Discord...
2021-06-17 15:45:52 | [INFO]    | Authenticated as Ban Appelas#6522
2021-06-17 15:45:52 | [INFO]    | Launching shard 0 (1 out of 1)...
2021-06-17 15:45:52 | [INFO]    | Shard 0 : Connected to wss://gateway.discord.gg
2021-06-17 15:45:52 | [INFO]    | Shard 0 : Received HELLO
2021-06-17 15:45:53 | [INFO]    | Shard 0 : Received READY
2021-06-17 15:47:45 | [INFO]    | Shard 0 : Disconnected
2021-06-17 15:47:45 | [INFO]    | Shard 0 : Reconnecting after 969 ms...
2021-06-17 15:47:46 | [INFO]    | Shard 0 : Connected to wss://gateway.discord.gg
2021-06-17 15:47:46 | [INFO]    | Shard 0 : Received HELLO
2021-06-17 15:47:46 | [INFO]    | Shard 0 : Received RESUMED
2021-06-17 15:48:56 | [INFO]    | Discordia 2.9.1
2021-06-17 15:48:56 | [INFO]    | Connecting to Discord...
2021-06-17 15:48:56 | [INFO]    | Authenticated as Ban Appelas#6522
2021-06-17 15:48:56 | [INFO]    | Launching shard 0 (1 out of 1)...
2021-06-17 15:48:56 | [INFO]    | Shard 0 : Connected to wss://gateway.discord.gg
2021-06-17 15:48:56 | [INFO]    | Shard 0 : Received HELLO
2021-06-17 15:48:56 | [INFO]    | Shard 0 : Received READY
2021-06-17 15:49:51 | [INFO]    | Discordia 2.9.1
2021-06-17 15:49:51 | [INFO]    | Connecting to Discord...
2021-06-17 15:49:51 | [INFO]    | Authenticated as Ban Appelas#6522
2021-06-17 15:49:51 | [INFO]    | Launching shard 0 (1 out of 1)...
2021-06-17 15:49:51 | [INFO]    | Shard 0 : Connected to wss://gateway.discord.gg
2021-06-17 15:49:51 | [INFO]    | Shard 0 : Received HELLO
2021-06-17 15:49:51 | [INFO]    | Shard 0 : Received READY
2021-06-17 15:51:22 | [INFO]    | Discordia 2.9.1
2021-06-17 15:51:22 | [INFO]    | Connecting to Discord...
2021-06-17 15:51:22 | [INFO]    | Authenticated as Ban Appelas#6522
2021-06-17 15:51:22 | [INFO]    | Launching shard 0 (1 out of 1)...
2021-06-17 15:51:22 | [INFO]    | Shard 0 : Connected to wss://gateway.discord.gg
2021-06-17 15:51:22 | [INFO]    | Shard 0 : Received HELLO
2021-06-17 15:51:22 | [INFO]    | Shard 0 : Received READY
2021-06-17 15:52:01 | [INFO]    | Discordia 2.9.1
2021-06-17 15:52:01 | [INFO]    | Connecting to Discord...
2021-06-17 15:52:01 | [INFO]    | Authenticated as Ban Appelas#6522
2021-06-17 15:52:01 | [INFO]    | Launching shard 0 (1 out of 1)...
2021-06-17 15:52:01 | [INFO]    | Shard 0 : Connected to wss://gateway.discord.gg
2021-06-17 15:52:01 | [INFO]    | Shard 0 : Received HELLO
2021-06-17 15:52:02 | [INFO]    | Shard 0 : Received READY
2021-06-17 15:55:47 | [INFO]    | Discordia 2.9.1
2021-06-17 15:55:47 | [INFO]    | Connecting to Discord...
2021-06-17 15:55:48 | [INFO]    | Authenticated as Ban Appelas#6522
2021-06-17 15:55:48 | [INFO]    | Launching shard 0 (1 out of 1)...
2021-06-17 15:55:48 | [INFO]    | Shard 0 : Connected to wss://gateway.discord.gg
2021-06-17 15:55:48 | [INFO]    | Shard 0 : Received HELLO
2021-06-17 15:55:48 | [INFO]    | Shard 0 : Received READY
2021-06-17 15:57:46 | [INFO]    | Discordia 2.9.1
2021-06-17 15:57:46 | [INFO]    | Connecting to Discord...
2021-06-17 15:57:47 | [INFO]    | Authenticated as Ban Appelas#6522
2021-06-17 15:57:47 | [INFO]    | Launching shard 0 (1 out of 1)...
2021-06-17 15:57:47 | [INFO]    | Shard 0 : Connected to wss://gateway.discord.gg
2021-06-17 15:57:47 | [INFO]    | Shard 0 : Received HELLO
2021-06-17 15:57:47 | [INFO]    | Shard 0 : Received READY
2021-06-17 15:59:42 | [INFO]    | Discordia 2.9.1
2021-06-17 15:59:42 | [INFO]    | Connecting to Discord...
2021-06-17 15:59:42 | [INFO]    | Authenticated as Ban Appelas#6522
2021-06-17 15:59:42 | [INFO]    | Launching shard 0 (1 out of 1)...
2021-06-17 15:59:42 | [INFO]    | Shard 0 : Connected to wss://gateway.discord.gg
2021-06-17 15:59:42 | [INFO]    | Shard 0 : Received HELLO
2021-06-17 15:59:42 | [INFO]    | Shard 0 : Received READY
2021-06-17 16:00:34 | [INFO]    | Discordia 2.9.1
2021-06-17 16:00:34 | [INFO]    | Connecting to Discord...
2021-06-17 16:00:34 | [INFO]    | Authenticated as Ban Appelas#6522
2021-06-17 16:00:34 | [INFO]    | Launching shard 0 (1 out of 1)...
2021-06-17 16:00:34 | [INFO]    | Shard 0 : Connected to wss://gateway.discord.gg
2021-06-17 16:00:34 | [INFO]    | Shard 0 : Received HELLO
2021-06-17 16:00:34 | [INFO]    | Shard 0 : Received READY
2021-06-17 16:01:04 | [INFO]    | Discordia 2.9.1
2021-06-17 16:01:04 | [INFO]    | Connecting to Discord...
2021-06-17 16:01:04 | [INFO]    | Authenticated as Ban Appelas#6522
2021-06-17 16:01:04 | [INFO]    | Launching shard 0 (1 out of 1)...
2021-06-17 16:01:04 | [INFO]    | Shard 0 : Connected to wss://gateway.discord.gg
2021-06-17 16:01:04 | [INFO]    | Shard 0 : Received HELLO
2021-06-17 16:01:04 | [INFO]    | Shard 0 : Received READY
2021-06-17 16:01:52 | [INFO]    | Discordia 2.9.1
2021-06-17 16:01:52 | [INFO]    | Connecting to Discord...
2021-06-17 16:01:52 | [INFO]    | Authenticated as Ban Appelas#6522
2021-06-17 16:01:52 | [INFO]    | Launching shard 0 (1 out of 1)...
2021-06-17 16:01:52 | [INFO]    | Shard 0 : Connected to wss://gateway.discord.gg
2021-06-17 16:01:52 | [INFO]    | Shard 0 : Received HELLO
2021-06-17 16:01:53 | [INFO]    | Shard 0 : Received READY
2021-06-17 16:03:39 | [INFO]    | Discordia 2.9.1
2021-06-17 16:03:39 | [INFO]    | Connecting to Discord...
2021-06-17 16:03:39 | [INFO]    | Authenticated as Ban Appelas#6522
2021-06-17 16:03:39 | [INFO]    | Launching shard 0 (1 out of 1)...
2021-06-17 16:03:39 | [INFO]    | Shard 0 : Connected to wss://gateway.discord.gg
2021-06-17 16:03:39 | [INFO]    | Shard 0 : Received HELLO
2021-06-17 16:03:40 | [INFO]    | Shard 0 : Received READY
2021-06-17 16:04:53 | [INFO]    | Discordia 2.9.1
2021-06-17 16:04:53 | [INFO]    | Connecting to Discord...
2021-06-17 16:04:54 | [INFO]    | Authenticated as Ban Appelas#6522
2021-06-17 16:04:54 | [INFO]    | Launching shard 0 (1 out of 1)...
2021-06-17 16:04:54 | [INFO]    | Shard 0 : Connected to wss://gateway.discord.gg
2021-06-17 16:04:54 | [INFO]    | Shard 0 : Received HELLO
2021-06-17 16:04:54 | [INFO]    | Shard 0 : Received READY
2021-06-17 16:07:20 | [WARNING] | Shard 0 : 1000 - Connection closed
2021-06-17 16:07:20 | [INFO]    | Shard 0 : Disconnected
2021-06-17 16:07:20 | [INFO]    | Shard 0 : Reconnecting after 1063 ms...
2021-06-17 16:07:21 | [INFO]    | Shard 0 : Connected to wss://gateway.discord.gg
2021-06-17 16:07:21 | [INFO]    | Shard 0 : Received HELLO
2021-06-17 16:07:21 | [INFO]    | Shard 0 : Received RESUMED
2021-06-17 16:07:44 | [INFO]    | Discordia 2.9.1
2021-06-17 16:07:44 | [INFO]    | Connecting to Discord...
2021-06-17 16:07:44 | [INFO]    | Authenticated as Ban Appelas#6522
2021-06-17 16:07:44 | [INFO]    | Launching shard 0 (1 out of 1)...
2021-06-17 16:07:44 | [INFO]    | Shard 0 : Connected to wss://gateway.discord.gg
2021-06-17 16:07:44 | [INFO]    | Shard 0 : Received HELLO
2021-06-17 16:07:44 | [INFO]    | Shard 0 : Received READY
2021-06-17 16:08:24 | [INFO]    | Discordia 2.9.1
2021-06-17 16:08:24 | [INFO]    | Connecting to Discord...
2021-06-17 16:08:25 | [INFO]    | Authenticated as Ban Appelas#6522
2021-06-17 16:08:25 | [INFO]    | Launching shard 0 (1 out of 1)...
2021-06-17 16:08:25 | [INFO]    | Shard 0 : Connected to wss://gateway.discord.gg
2021-06-17 16:08:25 | [INFO]    | Shard 0 : Received HELLO
2021-06-17 16:08:25 | [INFO]    | Shard 0 : Received READY
2021-06-17 16:09:52 | [INFO]    | Discordia 2.9.1
2021-06-17 16:09:52 | [INFO]    | Connecting to Discord...
2021-06-17 16:09:52 | [INFO]    | Authenticated as Ban Appelas#6522
2021-06-17 16:09:52 | [INFO]    | Launching shard 0 (1 out of 1)...
2021-06-17 16:09:53 | [INFO]    | Shard 0 : Connected to wss://gateway.discord.gg
2021-06-17 16:09:53 | [INFO]    | Shard 0 : Received HELLO
2021-06-17 16:09:53 | [INFO]    | Shard 0 : Received READY
2021-06-17 16:11:33 | [INFO]    | Discordia 2.9.1
2021-06-17 16:11:33 | [INFO]    | Connecting to Discord...
2021-06-17 16:11:34 | [INFO]    | Authenticated as Ban Appelas#6522
2021-06-17 16:11:34 | [INFO]    | Launching shard 0 (1 out of 1)...
2021-06-17 16:11:34 | [INFO]    | Shard 0 : Connected to wss://gateway.discord.gg
2021-06-17 16:11:34 | [INFO]    | Shard 0 : Received HELLO
2021-06-17 16:11:34 | [INFO]    | Shard 0 : Received READY
2021-06-17 16:12:12 | [INFO]    | Discordia 2.9.1
2021-06-17 16:12:12 | [INFO]    | Connecting to Discord...
2021-06-17 16:12:12 | [INFO]    | Authenticated as Ban Appelas#6522
2021-06-17 16:12:12 | [INFO]    | Launching shard 0 (1 out of 1)...
2021-06-17 16:12:12 | [INFO]    | Shard 0 : Connected to wss://gateway.discord.gg
2021-06-17 16:12:12 | [INFO]    | Shard 0 : Received HELLO
2021-06-17 16:12:12 | [INFO]    | Shard 0 : Received READY
2021-06-17 16:13:16 | [WARNING] | Shard 0 : 1000 - Connection closed
2021-06-17 16:13:16 | [INFO]    | Shard 0 : Disconnected
2021-06-17 16:13:16 | [INFO]    | Shard 0 : Reconnecting after 948 ms...
2021-06-17 16:13:17 | [INFO]    | Shard 0 : Connected to wss://gateway.discord.gg
2021-06-17 16:13:17 | [INFO]    | Shard 0 : Received HELLO
2021-06-17 16:13:18 | [INFO]    | Shard 0 : Received RESUMED
2021-06-17 16:14:41 | [WARNING] | Shard 0 : 1000 - Connection closed
2021-06-17 16:14:41 | [INFO]    | Shard 0 : Disconnected
2021-06-17 16:14:41 | [INFO]    | Shard 0 : Reconnecting after 1086 ms...
2021-06-17 16:14:42 | [INFO]    | Shard 0 : Connected to wss://gateway.discord.gg
2021-06-17 16:14:42 | [INFO]    | Shard 0 : Received HELLO
2021-06-17 16:14:42 | [INFO]    | Shard 0 : Received RESUMED
2021-06-17 16:17:07 | [WARNING] | Shard 0 : 1000 - Connection closed
2021-06-17 16:17:07 | [INFO]    | Shard 0 : Disconnected
2021-06-17 16:17:07 | [INFO]    | Shard 0 : Reconnecting after 978 ms...
2021-06-17 16:17:08 | [INFO]    | Shard 0 : Connected to wss://gateway.discord.gg
2021-06-17 16:17:08 | [INFO]    | Shard 0 : Received HELLO
2021-06-17 16:17:08 | [INFO]    | Shard 0 : Received RESUMED
2021-06-17 16:18:02 | [INFO]    | Discordia 2.9.1
2021-06-17 16:18:02 | [INFO]    | Connecting to Discord...
2021-06-17 16:18:02 | [INFO]    | Authenticated as Ban Appelas#6522
2021-06-17 16:18:02 | [INFO]    | Launching shard 0 (1 out of 1)...
2021-06-17 16:18:02 | [INFO]    | Shard 0 : Connected to wss://gateway.discord.gg
2021-06-17 16:18:02 | [INFO]    | Shard 0 : Received HELLO
2021-06-17 16:18:02 | [INFO]    | Shard 0 : Received READY
2021-06-17 16:19:07 | [WARNING] | Shard 0 : 1000 - Connection closed
2021-06-17 16:19:07 | [INFO]    | Shard 0 : Disconnected
2021-06-17 16:19:07 | [INFO]    | Shard 0 : Reconnecting after 957 ms...
2021-06-17 16:19:08 | [INFO]    | Shard 0 : Connected to wss://gateway.discord.gg
2021-06-17 16:19:08 | [INFO]    | Shard 0 : Received HELLO
2021-06-17 16:19:08 | [INFO]    | Shard 0 : Received RESUMED
2021-06-17 16:20:05 | [INFO]    | Discordia 2.9.1
2021-06-17 16:20:05 | [INFO]    | Connecting to Discord...
2021-06-17 16:20:05 | [INFO]    | Authenticated as Ban Appelas#6522
2021-06-17 16:20:05 | [INFO]    | Launching shard 0 (1 out of 1)...
2021-06-17 16:20:05 | [INFO]    | Shard 0 : Connected to wss://gateway.discord.gg
2021-06-17 16:20:05 | [INFO]    | Shard 0 : Received HELLO
2021-06-17 16:20:05 | [INFO]    | Shard 0 : Received READY
2021-06-17 16:20:27 | [INFO]    | Discordia 2.9.1
2021-06-17 16:20:27 | [INFO]    | Connecting to Discord...
2021-06-17 16:20:27 | [INFO]    | Authenticated as Ban Appelas#6522
2021-06-17 16:20:27 | [INFO]    | Launching shard 0 (1 out of 1)...
2021-06-17 16:20:27 | [INFO]    | Shard 0 : Connected to wss://gateway.discord.gg
2021-06-17 16:20:27 | [INFO]    | Shard 0 : Received HELLO
2021-06-17 16:20:27 | [INFO]    | Shard 0 : Received READY
2021-06-17 16:21:11 | [INFO]    | Discordia 2.9.1
2021-06-17 16:21:11 | [INFO]    | Connecting to Discord...
2021-06-17 16:21:11 | [INFO]    | Authenticated as Ban Appelas#6522
2021-06-17 16:21:11 | [INFO]    | Launching shard 0 (1 out of 1)...
2021-06-17 16:21:11 | [INFO]    | Shard 0 : Connected to wss://gateway.discord.gg
2021-06-17 16:21:11 | [INFO]    | Shard 0 : Received HELLO
2021-06-17 16:21:11 | [INFO]    | Shard 0 : Received READY
2021-06-17 16:25:06 | [INFO]    | Discordia 2.9.1
2021-06-17 16:25:06 | [INFO]    | Connecting to Discord...
2021-06-17 16:25:06 | [INFO]    | Authenticated as Ban Appelas#6522
2021-06-17 16:25:06 | [INFO]    | Launching shard 0 (1 out of 1)...
2021-06-17 16:25:06 | [INFO]    | Shard 0 : Connected to wss://gateway.discord.gg
2021-06-17 16:25:06 | [INFO]    | Shard 0 : Received HELLO
2021-06-17 16:25:06 | [INFO]    | Shard 0 : Received READY
2021-06-17 16:34:18 | [INFO]    | Discordia 2.9.1
2021-06-17 16:34:18 | [INFO]    | Connecting to Discord...
2021-06-17 16:34:19 | [INFO]    | Authenticated as Ban Appelas#6522
2021-06-17 16:34:19 | [INFO]    | Launching shard 0 (1 out of 1)...
2021-06-17 16:34:19 | [INFO]    | Shard 0 : Connected to wss://gateway.discord.gg
2021-06-17 16:34:19 | [INFO]    | Shard 0 : Received HELLO
2021-06-17 16:34:19 | [INFO]    | Shard 0 : Received READY
2021-06-17 16:35:19 | [INFO]    | Discordia 2.9.1
2021-06-17 16:35:19 | [INFO]    | Connecting to Discord...
2021-06-17 16:35:19 | [INFO]    | Authenticated as Ban Appelas#6522
2021-06-17 16:35:19 | [INFO]    | Launching shard 0 (1 out of 1)...
2021-06-17 16:35:19 | [INFO]    | Shard 0 : Connected to wss://gateway.discord.gg
2021-06-17 16:35:19 | [INFO]    | Shard 0 : Received HELLO
2021-06-17 16:35:19 | [INFO]    | Shard 0 : Received READY
2021-06-17 16:37:21 | [INFO]    | Discordia 2.9.1
2021-06-17 16:37:21 | [INFO]    | Connecting to Discord...
2021-06-17 16:37:21 | [INFO]    | Authenticated as Ban Appelas#6522
2021-06-17 16:37:21 | [INFO]    | Launching shard 0 (1 out of 1)...
2021-06-17 16:37:21 | [INFO]    | Shard 0 : Connected to wss://gateway.discord.gg
2021-06-17 16:37:21 | [INFO]    | Shard 0 : Received HELLO
2021-06-17 16:37:21 | [INFO]    | Shard 0 : Received READY
2021-06-17 16:46:23 | [INFO]    | Discordia 2.9.1
2021-06-17 16:46:23 | [INFO]    | Connecting to Discord...
2021-06-17 16:46:23 | [INFO]    | Authenticated as Ban Appelas#6522
2021-06-17 16:46:23 | [INFO]    | Launching shard 0 (1 out of 1)...
2021-06-17 16:46:23 | [INFO]    | Shard 0 : Connected to wss://gateway.discord.gg
2021-06-17 16:46:23 | [INFO]    | Shard 0 : Received HELLO
2021-06-17 16:46:23 | [INFO]    | Shard 0 : Received READY
2021-06-17 16:47:42 | [INFO]    | Discordia 2.9.1
2021-06-17 16:47:42 | [INFO]    | Connecting to Discord...
2021-06-17 16:47:42 | [ERROR]   | 401 - Unauthorized : GET https://discord.com/api/v7/users/@me
2021-06-17 16:47:42 | [ERROR]   | Could not authenticate, check token: HTTP Error 0 : 401: Unauthorized
2021-06-17 16:47:54 | [INFO]    | Discordia 2.9.1
2021-06-17 16:47:54 | [INFO]    | Connecting to Discord...
2021-06-17 16:47:54 | [INFO]    | Authenticated as Ban Appelas#6522
2021-06-17 16:47:54 | [INFO]    | Launching shard 0 (1 out of 1)...
2021-06-17 16:47:54 | [INFO]    | Shard 0 : Connected to wss://gateway.discord.gg
2021-06-17 16:47:54 | [INFO]    | Shard 0 : Received HELLO
2021-06-17 16:47:54 | [INFO]    | Shard 0 : Received READY
2021-06-17 16:48:19 | [INFO]    | Discordia 2.9.1
2021-06-17 16:48:19 | [INFO]    | Connecting to Discord...
2021-06-17 16:48:19 | [INFO]    | Authenticated as Ban Appelas#6522
2021-06-17 16:48:19 | [INFO]    | Launching shard 0 (1 out of 1)...
2021-06-17 16:48:19 | [INFO]    | Shard 0 : Connected to wss://gateway.discord.gg
2021-06-17 16:48:19 | [INFO]    | Shard 0 : Received HELLO
2021-06-17 16:48:19 | [INFO]    | Shard 0 : Received READY
2021-06-17 16:51:57 | [INFO]    | Discordia 2.9.1
2021-06-17 16:51:57 | [INFO]    | Connecting to Discord...
2021-06-17 16:51:58 | [INFO]    | Authenticated as Ban Appelas#6522
2021-06-17 16:51:58 | [INFO]    | Launching shard 0 (1 out of 1)...
2021-06-17 16:51:58 | [INFO]    | Shard 0 : Connected to wss://gateway.discord.gg
2021-06-17 16:51:58 | [INFO]    | Shard 0 : Received HELLO
2021-06-17 16:51:58 | [INFO]    | Shard 0 : Received READY
2021-06-17 16:58:34 | [INFO]    | Discordia 2.9.1
2021-06-17 16:58:34 | [INFO]    | Connecting to Discord...
2021-06-17 16:58:34 | [INFO]    | Authenticated as Ban Appelas#6522
2021-06-17 16:58:34 | [INFO]    | Launching shard 0 (1 out of 1)...
2021-06-17 16:58:34 | [INFO]    | Shard 0 : Connected to wss://gateway.discord.gg
2021-06-17 16:58:34 | [INFO]    | Shard 0 : Received HELLO
2021-06-17 16:58:34 | [INFO]    | Shard 0 : Received READY
2021-06-17 17:34:26 | [INFO]    | Discordia 2.9.1
2021-06-17 17:34:26 | [INFO]    | Connecting to Discord...
2021-06-17 17:34:26 | [INFO]    | Authenticated as Ban Appelas#6522
2021-06-17 17:34:26 | [INFO]    | Launching shard 0 (1 out of 1)...
2021-06-17 17:34:26 | [INFO]    | Shard 0 : Connected to wss://gateway.discord.gg
2021-06-17 17:34:26 | [INFO]    | Shard 0 : Received HELLO
2021-06-17 17:34:26 | [INFO]    | Shard 0 : Received READY
2021-06-17 17:53:13 | [INFO]    | Discordia 2.9.1
2021-06-17 17:53:13 | [INFO]    | Connecting to Discord...
2021-06-17 17:53:13 | [INFO]    | Authenticated as Ban Appelas#6522
2021-06-17 17:53:13 | [INFO]    | Launching shard 0 (1 out of 1)...
2021-06-17 17:53:13 | [INFO]    | Shard 0 : Connected to wss://gateway.discord.gg
2021-06-17 17:53:13 | [INFO]    | Shard 0 : Received HELLO
2021-06-17 17:53:13 | [INFO]    | Shard 0 : Received READY
2021-06-17 17:54:46 | [INFO]    | Discordia 2.9.1
2021-06-17 17:54:46 | [INFO]    | Connecting to Discord...
2021-06-17 17:54:46 | [ERROR]   | 401 - Unauthorized : GET https://discord.com/api/v7/users/@me
2021-06-17 17:54:46 | [ERROR]   | Could not authenticate, check token: HTTP Error 0 : 401: Unauthorized
2021-06-17 17:54:54 | [INFO]    | Discordia 2.9.1
2021-06-17 17:54:54 | [INFO]    | Connecting to Discord...
2021-06-17 17:54:54 | [INFO]    | Authenticated as Ban Appelas#6522
2021-06-17 17:54:54 | [INFO]    | Launching shard 0 (1 out of 1)...
2021-06-17 17:54:54 | [INFO]    | Shard 0 : Connected to wss://gateway.discord.gg
2021-06-17 17:54:54 | [INFO]    | Shard 0 : Received HELLO
2021-06-17 17:54:54 | [INFO]    | Shard 0 : Received READY
2021-06-17 17:58:06 | [INFO]    | Discordia 2.9.1
2021-06-17 17:58:06 | [INFO]    | Connecting to Discord...
2021-06-17 17:58:06 | [INFO]    | Authenticated as Ban Appelas#6522
2021-06-17 17:58:06 | [INFO]    | Launching shard 0 (1 out of 1)...
2021-06-17 17:58:06 | [INFO]    | Shard 0 : Connected to wss://gateway.discord.gg
2021-06-17 17:58:06 | [INFO]    | Shard 0 : Received HELLO
2021-06-17 17:58:06 | [INFO]    | Shard 0 : Received READY
2021-06-17 17:58:37 | [INFO]    | Discordia 2.9.1
2021-06-17 17:58:37 | [INFO]    | Connecting to Discord...
2021-06-17 17:58:37 | [INFO]    | Authenticated as Ban Appelas#6522
2021-06-17 17:58:37 | [INFO]    | Launching shard 0 (1 out of 1)...
2021-06-17 17:58:37 | [INFO]    | Shard 0 : Connected to wss://gateway.discord.gg
2021-06-17 17:58:37 | [INFO]    | Shard 0 : Received HELLO
2021-06-17 17:58:38 | [INFO]    | Shard 0 : Received READY
2021-06-17 17:59:29 | [INFO]    | Discordia 2.9.1
2021-06-17 17:59:29 | [INFO]    | Connecting to Discord...
2021-06-17 17:59:29 | [INFO]    | Authenticated as Ban Appelas#6522
2021-06-17 17:59:29 | [INFO]    | Launching shard 0 (1 out of 1)...
2021-06-17 17:59:29 | [INFO]    | Shard 0 : Connected to wss://gateway.discord.gg
2021-06-17 17:59:29 | [INFO]    | Shard 0 : Received HELLO
2021-06-17 17:59:29 | [INFO]    | Shard 0 : Received READY
2021-06-17 18:01:11 | [INFO]    | Discordia 2.9.1
2021-06-17 18:01:11 | [INFO]    | Connecting to Discord...
2021-06-17 18:01:11 | [INFO]    | Authenticated as Ban Appelas#6522
2021-06-17 18:01:11 | [INFO]    | Launching shard 0 (1 out of 1)...
2021-06-17 18:01:11 | [INFO]    | Shard 0 : Connected to wss://gateway.discord.gg
2021-06-17 18:01:11 | [INFO]    | Shard 0 : Received HELLO
2021-06-17 18:01:11 | [INFO]    | Shard 0 : Received READY
2021-06-17 18:29:08 | [INFO]    | Discordia 2.9.1
2021-06-17 18:29:08 | [INFO]    | Connecting to Discord...
2021-06-17 18:29:08 | [INFO]    | Authenticated as Ban Appelas#6522
2021-06-17 18:29:08 | [INFO]    | Launching shard 0 (1 out of 1)...
2021-06-17 18:29:08 | [INFO]    | Shard 0 : Connected to wss://gateway.discord.gg
2021-06-17 18:29:08 | [INFO]    | Shard 0 : Received HELLO
2021-06-17 18:29:09 | [INFO]    | Shard 0 : Received READY
2021-06-17 18:48:19 | [INFO]    | Discordia 2.9.1
2021-06-17 18:48:19 | [INFO]    | Connecting to Discord...
2021-06-17 18:48:19 | [INFO]    | Authenticated as Ban Appelas#6522
2021-06-17 18:48:20 | [INFO]    | Launching shard 0 (1 out of 1)...
2021-06-17 18:48:20 | [INFO]    | Shard 0 : Connected to wss://gateway.discord.gg
2021-06-17 18:48:20 | [INFO]    | Shard 0 : Received HELLO
2021-06-17 18:48:20 | [INFO]    | Shard 0 : Received READY
2021-06-17 18:49:57 | [INFO]    | Discordia 2.9.1
2021-06-17 18:49:57 | [INFO]    | Connecting to Discord...
2021-06-17 18:49:57 | [INFO]    | Authenticated as Ban Appelas#6522
2021-06-17 18:49:57 | [INFO]    | Launching shard 0 (1 out of 1)...
2021-06-17 18:49:57 | [INFO]    | Shard 0 : Connected to wss://gateway.discord.gg
2021-06-17 18:49:57 | [INFO]    | Shard 0 : Received HELLO
2021-06-17 18:49:58 | [INFO]    | Shard 0 : Received READY
2021-06-17 18:55:15 | [INFO]    | Discordia 2.9.1
2021-06-17 18:55:15 | [INFO]    | Connecting to Discord...
2021-06-17 18:55:15 | [INFO]    | Authenticated as Ban Appelas#6522
2021-06-17 18:55:15 | [INFO]    | Launching shard 0 (1 out of 1)...
2021-06-17 18:55:15 | [INFO]    | Shard 0 : Connected to wss://gateway.discord.gg
2021-06-17 18:55:15 | [INFO]    | Shard 0 : Received HELLO
2021-06-17 18:55:15 | [INFO]    | Shard 0 : Received READY
2021-06-17 18:58:02 | [INFO]    | Discordia 2.9.1
2021-06-17 18:58:02 | [INFO]    | Connecting to Discord...
2021-06-17 18:58:02 | [INFO]    | Authenticated as Ban Appelas#6522
2021-06-17 18:58:02 | [INFO]    | Launching shard 0 (1 out of 1)...
2021-06-17 18:58:02 | [INFO]    | Shard 0 : Connected to wss://gateway.discord.gg
2021-06-17 18:58:02 | [INFO]    | Shard 0 : Received HELLO
2021-06-17 18:58:02 | [INFO]    | Shard 0 : Received READY
2021-06-17 18:59:06 | [INFO]    | Discordia 2.9.1
2021-06-17 18:59:06 | [INFO]    | Connecting to Discord...
2021-06-17 18:59:07 | [INFO]    | Authenticated as Ban Appelas#6522
2021-06-17 18:59:07 | [INFO]    | Launching shard 0 (1 out of 1)...
2021-06-17 18:59:07 | [INFO]    | Shard 0 : Connected to wss://gateway.discord.gg
2021-06-17 18:59:07 | [INFO]    | Shard 0 : Received HELLO
2021-06-17 18:59:07 | [INFO]    | Shard 0 : Received READY
2021-06-17 18:59:31 | [INFO]    | Discordia 2.9.1
2021-06-17 18:59:31 | [INFO]    | Connecting to Discord...
2021-06-17 18:59:31 | [INFO]    | Authenticated as Ban Appelas#6522
2021-06-17 18:59:31 | [INFO]    | Launching shard 0 (1 out of 1)...
2021-06-17 18:59:31 | [INFO]    | Shard 0 : Connected to wss://gateway.discord.gg
2021-06-17 18:59:31 | [INFO]    | Shard 0 : Received HELLO
2021-06-17 18:59:31 | [INFO]    | Shard 0 : Received READY
2021-06-17 19:03:27 | [INFO]    | Discordia 2.9.1
2021-06-17 19:03:27 | [INFO]    | Connecting to Discord...
2021-06-17 19:03:27 | [INFO]    | Authenticated as Ban Appelas#6522
2021-06-17 19:03:27 | [INFO]    | Launching shard 0 (1 out of 1)...
2021-06-17 19:03:27 | [INFO]    | Shard 0 : Connected to wss://gateway.discord.gg
2021-06-17 19:03:27 | [INFO]    | Shard 0 : Received HELLO
2021-06-17 19:03:28 | [INFO]    | Shard 0 : Received READY
2021-06-17 19:07:07 | [INFO]    | Discordia 2.9.1
2021-06-17 19:07:07 | [INFO]    | Connecting to Discord...
2021-06-17 19:07:07 | [INFO]    | Authenticated as Ban Appelas#6522
2021-06-17 19:07:07 | [INFO]    | Launching shard 0 (1 out of 1)...
2021-06-17 19:07:07 | [INFO]    | Shard 0 : Connected to wss://gateway.discord.gg
2021-06-17 19:07:07 | [INFO]    | Shard 0 : Received HELLO
2021-06-17 19:07:07 | [INFO]    | Shard 0 : Received READY
2021-06-17 19:07:40 | [INFO]    | Discordia 2.9.1
2021-06-17 19:07:40 | [INFO]    | Connecting to Discord...
2021-06-17 19:07:40 | [INFO]    | Authenticated as Ban Appelas#6522
2021-06-17 19:07:40 | [INFO]    | Launching shard 0 (1 out of 1)...
2021-06-17 19:07:40 | [INFO]    | Shard 0 : Connected to wss://gateway.discord.gg
2021-06-17 19:07:40 | [INFO]    | Shard 0 : Received HELLO
2021-06-17 19:07:40 | [INFO]    | Shard 0 : Received READY
2021-06-17 19:08:07 | [INFO]    | Discordia 2.9.1
2021-06-17 19:08:07 | [INFO]    | Connecting to Discord...
2021-06-17 19:08:07 | [INFO]    | Authenticated as Ban Appelas#6522
2021-06-17 19:08:07 | [INFO]    | Launching shard 0 (1 out of 1)...
2021-06-17 19:08:07 | [INFO]    | Shard 0 : Connected to wss://gateway.discord.gg
2021-06-17 19:08:07 | [INFO]    | Shard 0 : Received HELLO
2021-06-17 19:08:08 | [INFO]    | Shard 0 : Received READY
2021-06-17 19:08:23 | [INFO]    | Discordia 2.9.1
2021-06-17 19:08:23 | [INFO]    | Connecting to Discord...
2021-06-17 19:08:24 | [INFO]    | Authenticated as Ban Appelas#6522
2021-06-17 19:08:24 | [INFO]    | Launching shard 0 (1 out of 1)...
2021-06-17 19:08:24 | [INFO]    | Shard 0 : Connected to wss://gateway.discord.gg
2021-06-17 19:08:24 | [INFO]    | Shard 0 : Received HELLO
2021-06-17 19:08:24 | [INFO]    | Shard 0 : Received READY
2021-06-17 19:12:25 | [INFO]    | Discordia 2.9.1
2021-06-17 19:12:25 | [INFO]    | Connecting to Discord...
2021-06-17 19:12:25 | [INFO]    | Authenticated as Ban Appelas#6522
2021-06-17 19:12:25 | [INFO]    | Launching shard 0 (1 out of 1)...
2021-06-17 19:12:25 | [INFO]    | Shard 0 : Connected to wss://gateway.discord.gg
2021-06-17 19:12:25 | [INFO]    | Shard 0 : Received HELLO
2021-06-17 19:12:25 | [INFO]    | Shard 0 : Received READY
2021-06-17 21:51:38 | [INFO]    | Discordia 2.9.1
2021-06-17 21:51:38 | [INFO]    | Connecting to Discord...
2021-06-17 21:51:39 | [INFO]    | Authenticated as Ban Appelas#6522
2021-06-17 21:51:39 | [INFO]    | Launching shard 0 (1 out of 1)...
2021-06-17 21:51:39 | [INFO]    | Shard 0 : Connected to wss://gateway.discord.gg
2021-06-17 21:51:39 | [INFO]    | Shard 0 : Received HELLO
2021-06-17 21:51:39 | [INFO]    | Shard 0 : Received READY
2021-06-17 21:53:32 | [INFO]    | Discordia 2.9.1
2021-06-17 21:53:32 | [INFO]    | Connecting to Discord...
2021-06-17 21:53:32 | [INFO]    | Authenticated as Ban Appelas#6522
2021-06-17 21:53:32 | [INFO]    | Launching shard 0 (1 out of 1)...
2021-06-17 21:53:32 | [INFO]    | Shard 0 : Connected to wss://gateway.discord.gg
2021-06-17 21:53:32 | [INFO]    | Shard 0 : Received HELLO
2021-06-17 21:53:32 | [INFO]    | Shard 0 : Received READY
2021-06-17 22:07:07 | [INFO]    | Discordia 2.9.1
2021-06-17 22:07:07 | [INFO]    | Connecting to Discord...
2021-06-17 22:07:07 | [INFO]    | Authenticated as Ban Appelas#6522
2021-06-17 22:07:07 | [INFO]    | Launching shard 0 (1 out of 1)...
2021-06-17 22:07:07 | [INFO]    | Shard 0 : Connected to wss://gateway.discord.gg
2021-06-17 22:07:07 | [INFO]    | Shard 0 : Received HELLO
2021-06-17 22:07:07 | [INFO]    | Shard 0 : Received READY
2021-06-17 22:16:16 | [INFO]    | Discordia 2.9.1
2021-06-17 22:16:16 | [INFO]    | Connecting to Discord...
2021-06-17 22:16:16 | [INFO]    | Authenticated as Ban Appelas#6522
2021-06-17 22:16:16 | [INFO]    | Launching shard 0 (1 out of 1)...
2021-06-17 22:16:16 | [INFO]    | Shard 0 : Connected to wss://gateway.discord.gg
2021-06-17 22:16:16 | [INFO]    | Shard 0 : Received HELLO
2021-06-17 22:16:16 | [INFO]    | Shard 0 : Received READY
2021-06-17 22:17:48 | [INFO]    | Discordia 2.9.1
2021-06-17 22:17:48 | [INFO]    | Connecting to Discord...
2021-06-17 22:17:48 | [INFO]    | Authenticated as Ban Appelas#6522
2021-06-17 22:17:48 | [INFO]    | Launching shard 0 (1 out of 1)...
2021-06-17 22:17:48 | [INFO]    | Shard 0 : Connected to wss://gateway.discord.gg
2021-06-17 22:17:48 | [INFO]    | Shard 0 : Received HELLO
2021-06-17 22:17:48 | [INFO]    | Shard 0 : Received READY
